<?xml version="1.0" encoding="UTF-8"?>
<!-- Generated by org.testng.reporters.JUnitReportReporter -->
<testsuite hostname="NSL-6578" failures="0" tests="1" name="base.TestScript" time="6.777" errors="0" timestamp="2022-08-12T15:43:20 IST" skipped="0">
  <testcase classname="base.TestScript" name="prerequisite" time="6.777"/>
  <system-out/>
</testsuite> <!-- base.TestScript -->
